<?xml version="1.0" encoding="UTF-8"?>
<testsuite xmlns:xsi="http://www.w3.org/2001/XMLSchema-instance" xsi:noNamespaceSchemaLocation="https://maven.apache.org/surefire/maven-surefire-plugin/xsd/surefire-test-report-3.0.xsd" version="3.0" name="com.hcsc.datalake.mqintake.rms.RmsModuleTest" time="0.034" tests="1" errors="0" skipped="0" failures="0">
  <properties>
[...]
</properties>
  <testcase name="scaffoldTest" classname="com.hcsc.datalake.mqintake.rms.RmsModuleTest" time="0.019"/>
</testsuite>